<?xml version="1.0" encoding="UTF-8"?>
<!-- Generated by org.testng.reporters.JUnitReportReporter -->
<testsuite skipped="0" hostname="Janas-MacBook-Pro.local" name="scripts.TechGlobalLoginFormPageTest" tests="8" failures="0" timestamp="2023-01-23T15:18:00 CST" time="85.730" errors="0">
  <testcase name="validateTechGlobalLoginFormCard" time="10.094" classname="scripts.TechGlobalLoginFormPageTest"/>
  <system-out/>
  <testcase name="validatingLoginFormValidLogin" time="10.302" classname="scripts.TechGlobalLoginFormPageTest"/>
  <system-out/>
  <testcase name="validatingTechGlobalLoginFormValidLoginLogout" time="10.400" classname="scripts.TechGlobalLoginFormPageTest"/>
  <system-out/>
  <testcase name="validatingLoginFormForgotPasswordLink" time="9.945" classname="scripts.TechGlobalLoginFormPageTest"/>
  <system-out/>
  <testcase name="validatingLoginFormResetPasswordLink" time="13.504" classname="scripts.TechGlobalLoginFormPageTest"/>
  <system-out/>
  <testcase name="validatingLoginFormInvalidLoginWithWrongUsername" time="10.150" classname="scripts.TechGlobalLoginFormPageTest"/>
  <system-out/>
  <testcase name="validatingLoginFormInvalidLoginWithWrongPassword" time="10.360" classname="scripts.TechGlobalLoginFormPageTest"/>
  <system-out/>
  <testcase name="validatingLoginFormInvalidLoginWithWrongBothCredentials" time="10.975" classname="scripts.TechGlobalLoginFormPageTest"/>
  <system-out/>
</testsuite> <!-- scripts.TechGlobalLoginFormPageTest -->
